<?xml version="1.0" encoding="UTF-8"?>
<!-- Generated by org.testng.reporters.JUnitReportReporter -->
<testsuite hostname="LAPTOP-HUA8CH3G" failures="0" tests="6" name="com.amazon.qa.testcases.AddToCartPageTest" time="11.841" errors="0" timestamp="2021-02-20T02:58:11 IST" skipped="0">
  <testcase classname="com.amazon.qa.testcases.AddToCartPageTest" name="isDisplaySearchPage" time="1.549"/>
  <system-out/>
  <testcase classname="com.amazon.qa.testcases.AddToCartPageTest" name="searchForProduct" time="2.756"/>
  <system-out/>
  <testcase classname="com.amazon.qa.testcases.AddToCartPageTest" name="ClickOnSelectedProduct" time="3.815"/>
  <system-out/>
  <testcase classname="com.amazon.qa.testcases.AddToCartPageTest" name="validateAddtoCartPage" time="0.069"/>
  <system-out/>
  <testcase classname="com.amazon.qa.testcases.AddToCartPageTest" name="clickOnAddToCartBtn" time="0.463"/>
  <system-out/>
  <testcase classname="com.amazon.qa.testcases.AddToCartPageTest" name="ClickOnCartButton" time="3.189"/>
  <system-out/>
</testsuite> <!-- com.amazon.qa.testcases.AddToCartPageTest -->
