<?xml version="1.0" encoding="UTF-8"?>
<!-- Generated by org.testng.reporters.JUnitReportReporter -->
<testsuite hostname="LAPTOP-HUA8CH3G" failures="0" tests="9" name="com.amazon.qa.testcases.SignInPageTest" time="30.871" errors="0" timestamp="2021-02-21T20:16:56 IST" skipped="0">
  <testcase classname="com.amazon.qa.testcases.SignInPageTest" name="isDisplaySearchPage" time="1.167"/>
  <system-out/>
  <testcase classname="com.amazon.qa.testcases.SignInPageTest" name="searchForProduct" time="5.816"/>
  <system-out/>
  <testcase classname="com.amazon.qa.testcases.SignInPageTest" name="ClickOnSelectedProduct" time="12.106"/>
  <system-out/>
  <testcase classname="com.amazon.qa.testcases.SignInPageTest" name="validateAddtoCartPage" time="0.021"/>
  <system-out/>
  <testcase classname="com.amazon.qa.testcases.SignInPageTest" name="clickOnAddToCartBtn" time="0.180"/>
  <system-out/>
  <testcase classname="com.amazon.qa.testcases.SignInPageTest" name="ClickOnCartButton" time="3.299"/>
  <system-out/>
  <testcase classname="com.amazon.qa.testcases.SignInPageTest" name="validateProceedToBuyPage" time="5.017"/>
  <system-out/>
  <testcase classname="com.amazon.qa.testcases.SignInPageTest" name="clickOnProceedToByButton" time="3.253"/>
  <system-out/>
  <testcase classname="com.amazon.qa.testcases.SignInPageTest" name="validateSignInPage" time="0.012"/>
  <system-out/>
</testsuite> <!-- com.amazon.qa.testcases.SignInPageTest -->
