<?xml version="1.0" encoding="UTF-8"?>
<!-- Generated by org.testng.reporters.JUnitReportReporter -->
<testsuite hostname="LAPTOP-HUA8CH3G" failures="0" tests="3" name="com.amazon.qa.testcases.SearchPageTest" time="7.936" errors="0" timestamp="2021-02-20T11:55:23 IST" skipped="0">
  <testcase classname="com.amazon.qa.testcases.SearchPageTest" name="isDisplaySearchPage" time="1.303"/>
  <system-out/>
  <testcase classname="com.amazon.qa.testcases.SearchPageTest" name="searchForProduct" time="2.397"/>
  <system-out/>
  <testcase classname="com.amazon.qa.testcases.SearchPageTest" name="ClickOnSelectedProduct" time="4.236"/>
  <system-out/>
</testsuite> <!-- com.amazon.qa.testcases.SearchPageTest -->
