<?xml version="1.0" encoding="UTF-8"?>
<!-- Generated by org.testng.reporters.JUnitReportReporter -->
<testsuite hostname="LAPTOP-HUA8CH3G" failures="0" tests="2" name="com.amazon.qa.testcases.BaseTest" time="9.507" errors="0" timestamp="2021-02-20T00:38:07 IST" skipped="0">
  <testcase classname="com.amazon.qa.testcases.BaseTest" name="setUp" time="8.793"/>
  <system-out/>
  <testcase classname="com.amazon.qa.testcases.BaseTest" name="tearDown" time="0.714"/>
  <system-out/>
</testsuite> <!-- com.amazon.qa.testcases.BaseTest -->
