<?xml version="1.0" encoding="UTF-8"?>
<!-- Generated by org.testng.reporters.JUnitReportReporter -->
<testsuite hostname="LAPTOP-HUA8CH3G" failures="0" tests="1" name="com.amzon.qa.testcases.SearchPageTest" time="3.101" errors="0" timestamp="2021-02-19T23:51:42 IST" skipped="0">
  <testcase classname="com.amzon.qa.testcases.SearchPageTest" name="enterUrl" time="3.101"/>
  <system-out/>
</testsuite> <!-- com.amzon.qa.testcases.SearchPageTest -->
