<?xml version="1.0" encoding="UTF-8"?>
<!-- Generated by org.testng.reporters.JUnitReportReporter -->
<testsuite hostname="LAPTOP-HUA8CH3G" failures="0" tests="7" name="com.amazon.qa.testcases.ProceedToBuyPageTest" time="19.079" errors="0" timestamp="2021-02-20T03:37:47 IST" skipped="0">
  <testcase classname="com.amazon.qa.testcases.ProceedToBuyPageTest" name="isDisplaySearchPage" time="0.892"/>
  <system-out/>
  <testcase classname="com.amazon.qa.testcases.ProceedToBuyPageTest" name="searchForProduct" time="1.793"/>
  <system-out/>
  <testcase classname="com.amazon.qa.testcases.ProceedToBuyPageTest" name="ClickOnSelectedProduct" time="2.775"/>
  <system-out/>
  <testcase classname="com.amazon.qa.testcases.ProceedToBuyPageTest" name="validateAddtoCartPage" time="0.035"/>
  <system-out/>
  <testcase classname="com.amazon.qa.testcases.ProceedToBuyPageTest" name="clickOnAddToCartBtn" time="0.300"/>
  <system-out/>
  <testcase classname="com.amazon.qa.testcases.ProceedToBuyPageTest" name="ClickOnCartButton" time="11.855"/>
  <system-out/>
  <testcase classname="com.amazon.qa.testcases.ProceedToBuyPageTest" name="validateProceedToBuyPage" time="1.429"/>
  <system-out/>
</testsuite> <!-- com.amazon.qa.testcases.ProceedToBuyPageTest -->
